/home/dalitso/ros2_edu/src/install/homework1/lib/python3.10/site-packages/homework1/subscriber.py
/home/dalitso/ros2_edu/src/install/homework1/lib/python3.10/site-packages/homework1/__init__.py
/home/dalitso/ros2_edu/src/install/homework1/lib/python3.10/site-packages/homework1/talker.py
/home/dalitso/ros2_edu/src/install/homework1/lib/python3.10/site-packages/homework1/publisher.py
/home/dalitso/ros2_edu/src/install/homework1/lib/python3.10/site-packages/homework1/listener.py
/home/dalitso/ros2_edu/src/install/homework1/lib/python3.10/site-packages/homework1/__pycache__/subscriber.cpython-310.pyc
/home/dalitso/ros2_edu/src/install/homework1/lib/python3.10/site-packages/homework1/__pycache__/__init__.cpython-310.pyc
/home/dalitso/ros2_edu/src/install/homework1/lib/python3.10/site-packages/homework1/__pycache__/talker.cpython-310.pyc
/home/dalitso/ros2_edu/src/install/homework1/lib/python3.10/site-packages/homework1/__pycache__/publisher.cpython-310.pyc
/home/dalitso/ros2_edu/src/install/homework1/lib/python3.10/site-packages/homework1/__pycache__/listener.cpython-310.pyc
/home/dalitso/ros2_edu/src/install/homework1/share/ament_index/resource_index/packages/homework1
/home/dalitso/ros2_edu/src/install/homework1/share/homework1/package.xml
/home/dalitso/ros2_edu/src/install/homework1/lib/python3.10/site-packages/homework1-0.0.0-py3.10.egg-info/requires.txt
/home/dalitso/ros2_edu/src/install/homework1/lib/python3.10/site-packages/homework1-0.0.0-py3.10.egg-info/entry_points.txt
/home/dalitso/ros2_edu/src/install/homework1/lib/python3.10/site-packages/homework1-0.0.0-py3.10.egg-info/SOURCES.txt
/home/dalitso/ros2_edu/src/install/homework1/lib/python3.10/site-packages/homework1-0.0.0-py3.10.egg-info/zip-safe
/home/dalitso/ros2_edu/src/install/homework1/lib/python3.10/site-packages/homework1-0.0.0-py3.10.egg-info/PKG-INFO
/home/dalitso/ros2_edu/src/install/homework1/lib/python3.10/site-packages/homework1-0.0.0-py3.10.egg-info/top_level.txt
/home/dalitso/ros2_edu/src/install/homework1/lib/python3.10/site-packages/homework1-0.0.0-py3.10.egg-info/dependency_links.txt
/home/dalitso/ros2_edu/src/install/homework1/lib/homework1/listener
/home/dalitso/ros2_edu/src/install/homework1/lib/homework1/publisher
/home/dalitso/ros2_edu/src/install/homework1/lib/homework1/subscriber
/home/dalitso/ros2_edu/src/install/homework1/lib/homework1/talker
