running egg_info
creating ../build/homework1/homework1.egg-info
writing ../build/homework1/homework1.egg-info/PKG-INFO
writing dependency_links to ../build/homework1/homework1.egg-info/dependency_links.txt
writing entry points to ../build/homework1/homework1.egg-info/entry_points.txt
writing requirements to ../build/homework1/homework1.egg-info/requires.txt
writing top-level names to ../build/homework1/homework1.egg-info/top_level.txt
writing manifest file '../build/homework1/homework1.egg-info/SOURCES.txt'
reading manifest file '../build/homework1/homework1.egg-info/SOURCES.txt'
writing manifest file '../build/homework1/homework1.egg-info/SOURCES.txt'
running build
running build_py
creating /home/dalitso/ros2_edu/src/build/homework1/build
creating /home/dalitso/ros2_edu/src/build/homework1/build/lib
creating /home/dalitso/ros2_edu/src/build/homework1/build/lib/homework1
copying homework1/subscriber.py -> /home/dalitso/ros2_edu/src/build/homework1/build/lib/homework1
copying homework1/__init__.py -> /home/dalitso/ros2_edu/src/build/homework1/build/lib/homework1
copying homework1/talker.py -> /home/dalitso/ros2_edu/src/build/homework1/build/lib/homework1
copying homework1/publisher.py -> /home/dalitso/ros2_edu/src/build/homework1/build/lib/homework1
copying homework1/listener.py -> /home/dalitso/ros2_edu/src/build/homework1/build/lib/homework1
running install
running install_lib
creating /home/dalitso/ros2_edu/src/install/homework1/lib/python3.10/site-packages/homework1
copying /home/dalitso/ros2_edu/src/build/homework1/build/lib/homework1/subscriber.py -> /home/dalitso/ros2_edu/src/install/homework1/lib/python3.10/site-packages/homework1
copying /home/dalitso/ros2_edu/src/build/homework1/build/lib/homework1/__init__.py -> /home/dalitso/ros2_edu/src/install/homework1/lib/python3.10/site-packages/homework1
copying /home/dalitso/ros2_edu/src/build/homework1/build/lib/homework1/talker.py -> /home/dalitso/ros2_edu/src/install/homework1/lib/python3.10/site-packages/homework1
copying /home/dalitso/ros2_edu/src/build/homework1/build/lib/homework1/publisher.py -> /home/dalitso/ros2_edu/src/install/homework1/lib/python3.10/site-packages/homework1
copying /home/dalitso/ros2_edu/src/build/homework1/build/lib/homework1/listener.py -> /home/dalitso/ros2_edu/src/install/homework1/lib/python3.10/site-packages/homework1
byte-compiling /home/dalitso/ros2_edu/src/install/homework1/lib/python3.10/site-packages/homework1/subscriber.py to subscriber.cpython-310.pyc
byte-compiling /home/dalitso/ros2_edu/src/install/homework1/lib/python3.10/site-packages/homework1/__init__.py to __init__.cpython-310.pyc
byte-compiling /home/dalitso/ros2_edu/src/install/homework1/lib/python3.10/site-packages/homework1/talker.py to talker.cpython-310.pyc
byte-compiling /home/dalitso/ros2_edu/src/install/homework1/lib/python3.10/site-packages/homework1/publisher.py to publisher.cpython-310.pyc
byte-compiling /home/dalitso/ros2_edu/src/install/homework1/lib/python3.10/site-packages/homework1/listener.py to listener.cpython-310.pyc
running install_data
creating /home/dalitso/ros2_edu/src/install/homework1/share/ament_index
creating /home/dalitso/ros2_edu/src/install/homework1/share/ament_index/resource_index
creating /home/dalitso/ros2_edu/src/install/homework1/share/ament_index/resource_index/packages
copying resource/homework1 -> /home/dalitso/ros2_edu/src/install/homework1/share/ament_index/resource_index/packages
copying package.xml -> /home/dalitso/ros2_edu/src/install/homework1/share/homework1
running install_egg_info
Copying ../build/homework1/homework1.egg-info to /home/dalitso/ros2_edu/src/install/homework1/lib/python3.10/site-packages/homework1-0.0.0-py3.10.egg-info
running install_scripts
Installing listener script to /home/dalitso/ros2_edu/src/install/homework1/lib/homework1
Installing publisher script to /home/dalitso/ros2_edu/src/install/homework1/lib/homework1
Installing subscriber script to /home/dalitso/ros2_edu/src/install/homework1/lib/homework1
Installing talker script to /home/dalitso/ros2_edu/src/install/homework1/lib/homework1
writing list of installed files to '/home/dalitso/ros2_edu/src/build/homework1/install.log'
