[0.577s] Invoking command in '/home/dalitso/ros2_edu/src/homework1': PYTHONPATH=/home/dalitso/ros2_edu/src/build/homework1/prefix_override:/home/dalitso/ros2_edu/src/install/homework1/lib/python3.10/site-packages:${PYTHONPATH} /usr/bin/python3 -W ignore:setup.py install is deprecated setup.py egg_info --egg-base ../build/homework1 build --build-base /home/dalitso/ros2_edu/src/build/homework1/build install --record /home/dalitso/ros2_edu/src/build/homework1/install.log --single-version-externally-managed install_data
[0.804s] running egg_info
[0.804s] creating ../build/homework1/homework1.egg-info
[0.805s] writing ../build/homework1/homework1.egg-info/PKG-INFO
[0.805s] writing dependency_links to ../build/homework1/homework1.egg-info/dependency_links.txt
[0.805s] writing entry points to ../build/homework1/homework1.egg-info/entry_points.txt
[0.805s] writing requirements to ../build/homework1/homework1.egg-info/requires.txt
[0.806s] writing top-level names to ../build/homework1/homework1.egg-info/top_level.txt
[0.806s] writing manifest file '../build/homework1/homework1.egg-info/SOURCES.txt'
[0.807s] reading manifest file '../build/homework1/homework1.egg-info/SOURCES.txt'
[0.808s] writing manifest file '../build/homework1/homework1.egg-info/SOURCES.txt'
[0.808s] running build
[0.809s] running build_py
[0.809s] creating /home/dalitso/ros2_edu/src/build/homework1/build
[0.809s] creating /home/dalitso/ros2_edu/src/build/homework1/build/lib
[0.809s] creating /home/dalitso/ros2_edu/src/build/homework1/build/lib/homework1
[0.809s] copying homework1/subscriber.py -> /home/dalitso/ros2_edu/src/build/homework1/build/lib/homework1
[0.809s] copying homework1/__init__.py -> /home/dalitso/ros2_edu/src/build/homework1/build/lib/homework1
[0.809s] copying homework1/talker.py -> /home/dalitso/ros2_edu/src/build/homework1/build/lib/homework1
[0.809s] copying homework1/publisher.py -> /home/dalitso/ros2_edu/src/build/homework1/build/lib/homework1
[0.809s] copying homework1/listener.py -> /home/dalitso/ros2_edu/src/build/homework1/build/lib/homework1
[0.809s] running install
[0.810s] running install_lib
[0.810s] creating /home/dalitso/ros2_edu/src/install/homework1/lib/python3.10/site-packages/homework1
[0.810s] copying /home/dalitso/ros2_edu/src/build/homework1/build/lib/homework1/subscriber.py -> /home/dalitso/ros2_edu/src/install/homework1/lib/python3.10/site-packages/homework1
[0.811s] copying /home/dalitso/ros2_edu/src/build/homework1/build/lib/homework1/__init__.py -> /home/dalitso/ros2_edu/src/install/homework1/lib/python3.10/site-packages/homework1
[0.811s] copying /home/dalitso/ros2_edu/src/build/homework1/build/lib/homework1/talker.py -> /home/dalitso/ros2_edu/src/install/homework1/lib/python3.10/site-packages/homework1
[0.811s] copying /home/dalitso/ros2_edu/src/build/homework1/build/lib/homework1/publisher.py -> /home/dalitso/ros2_edu/src/install/homework1/lib/python3.10/site-packages/homework1
[0.811s] copying /home/dalitso/ros2_edu/src/build/homework1/build/lib/homework1/listener.py -> /home/dalitso/ros2_edu/src/install/homework1/lib/python3.10/site-packages/homework1
[0.811s] byte-compiling /home/dalitso/ros2_edu/src/install/homework1/lib/python3.10/site-packages/homework1/subscriber.py to subscriber.cpython-310.pyc
[0.812s] byte-compiling /home/dalitso/ros2_edu/src/install/homework1/lib/python3.10/site-packages/homework1/__init__.py to __init__.cpython-310.pyc
[0.812s] byte-compiling /home/dalitso/ros2_edu/src/install/homework1/lib/python3.10/site-packages/homework1/talker.py to talker.cpython-310.pyc
[0.813s] byte-compiling /home/dalitso/ros2_edu/src/install/homework1/lib/python3.10/site-packages/homework1/publisher.py to publisher.cpython-310.pyc
[0.813s] byte-compiling /home/dalitso/ros2_edu/src/install/homework1/lib/python3.10/site-packages/homework1/listener.py to listener.cpython-310.pyc
[0.814s] running install_data
[0.814s] creating /home/dalitso/ros2_edu/src/install/homework1/share/ament_index
[0.814s] creating /home/dalitso/ros2_edu/src/install/homework1/share/ament_index/resource_index
[0.814s] creating /home/dalitso/ros2_edu/src/install/homework1/share/ament_index/resource_index/packages
[0.814s] copying resource/homework1 -> /home/dalitso/ros2_edu/src/install/homework1/share/ament_index/resource_index/packages
[0.814s] copying package.xml -> /home/dalitso/ros2_edu/src/install/homework1/share/homework1
[0.815s] running install_egg_info
[0.816s] Copying ../build/homework1/homework1.egg-info to /home/dalitso/ros2_edu/src/install/homework1/lib/python3.10/site-packages/homework1-0.0.0-py3.10.egg-info
[0.817s] running install_scripts
[0.838s] Installing listener script to /home/dalitso/ros2_edu/src/install/homework1/lib/homework1
[0.838s] Installing publisher script to /home/dalitso/ros2_edu/src/install/homework1/lib/homework1
[0.838s] Installing subscriber script to /home/dalitso/ros2_edu/src/install/homework1/lib/homework1
[0.839s] Installing talker script to /home/dalitso/ros2_edu/src/install/homework1/lib/homework1
[0.839s] writing list of installed files to '/home/dalitso/ros2_edu/src/build/homework1/install.log'
[0.863s] Invoked command in '/home/dalitso/ros2_edu/src/homework1' returned '0': PYTHONPATH=/home/dalitso/ros2_edu/src/build/homework1/prefix_override:/home/dalitso/ros2_edu/src/install/homework1/lib/python3.10/site-packages:${PYTHONPATH} /usr/bin/python3 -W ignore:setup.py install is deprecated setup.py egg_info --egg-base ../build/homework1 build --build-base /home/dalitso/ros2_edu/src/build/homework1/build install --record /home/dalitso/ros2_edu/src/build/homework1/install.log --single-version-externally-managed install_data
