running egg_info
creating ../build/homework2/homework2.egg-info
writing ../build/homework2/homework2.egg-info/PKG-INFO
writing dependency_links to ../build/homework2/homework2.egg-info/dependency_links.txt
writing entry points to ../build/homework2/homework2.egg-info/entry_points.txt
writing requirements to ../build/homework2/homework2.egg-info/requires.txt
writing top-level names to ../build/homework2/homework2.egg-info/top_level.txt
writing manifest file '../build/homework2/homework2.egg-info/SOURCES.txt'
reading manifest file '../build/homework2/homework2.egg-info/SOURCES.txt'
writing manifest file '../build/homework2/homework2.egg-info/SOURCES.txt'
running build
running build_py
creating /home/dalitso/ros2_edu/src/build/homework2/build
creating /home/dalitso/ros2_edu/src/build/homework2/build/lib
creating /home/dalitso/ros2_edu/src/build/homework2/build/lib/homework2
copying homework2/__init__.py -> /home/dalitso/ros2_edu/src/build/homework2/build/lib/homework2
copying homework2/navigation.py -> /home/dalitso/ros2_edu/src/build/homework2/build/lib/homework2
copying homework2/client.py -> /home/dalitso/ros2_edu/src/build/homework2/build/lib/homework2
running install
running install_lib
creating /home/dalitso/ros2_edu/src/install/homework2/lib/python3.10/site-packages/homework2
copying /home/dalitso/ros2_edu/src/build/homework2/build/lib/homework2/__init__.py -> /home/dalitso/ros2_edu/src/install/homework2/lib/python3.10/site-packages/homework2
copying /home/dalitso/ros2_edu/src/build/homework2/build/lib/homework2/navigation.py -> /home/dalitso/ros2_edu/src/install/homework2/lib/python3.10/site-packages/homework2
copying /home/dalitso/ros2_edu/src/build/homework2/build/lib/homework2/client.py -> /home/dalitso/ros2_edu/src/install/homework2/lib/python3.10/site-packages/homework2
byte-compiling /home/dalitso/ros2_edu/src/install/homework2/lib/python3.10/site-packages/homework2/__init__.py to __init__.cpython-310.pyc
byte-compiling /home/dalitso/ros2_edu/src/install/homework2/lib/python3.10/site-packages/homework2/navigation.py to navigation.cpython-310.pyc
byte-compiling /home/dalitso/ros2_edu/src/install/homework2/lib/python3.10/site-packages/homework2/client.py to client.cpython-310.pyc
running install_data
creating /home/dalitso/ros2_edu/src/install/homework2/share/ament_index
creating /home/dalitso/ros2_edu/src/install/homework2/share/ament_index/resource_index
creating /home/dalitso/ros2_edu/src/install/homework2/share/ament_index/resource_index/packages
copying resource/homework2 -> /home/dalitso/ros2_edu/src/install/homework2/share/ament_index/resource_index/packages
copying package.xml -> /home/dalitso/ros2_edu/src/install/homework2/share/homework2
running install_egg_info
Copying ../build/homework2/homework2.egg-info to /home/dalitso/ros2_edu/src/install/homework2/lib/python3.10/site-packages/homework2-0.0.0-py3.10.egg-info
running install_scripts
Installing client script to /home/dalitso/ros2_edu/src/install/homework2/lib/homework2
Installing server script to /home/dalitso/ros2_edu/src/install/homework2/lib/homework2
writing list of installed files to '/home/dalitso/ros2_edu/src/build/homework2/install.log'
