running egg_info
writing ../build/homework1/homework1.egg-info/PKG-INFO
writing dependency_links to ../build/homework1/homework1.egg-info/dependency_links.txt
writing entry points to ../build/homework1/homework1.egg-info/entry_points.txt
writing requirements to ../build/homework1/homework1.egg-info/requires.txt
writing top-level names to ../build/homework1/homework1.egg-info/top_level.txt
reading manifest file '../build/homework1/homework1.egg-info/SOURCES.txt'
writing manifest file '../build/homework1/homework1.egg-info/SOURCES.txt'
running build
running build_py
running install
running install_lib
running install_data
running install_egg_info
removing '/home/dalitso/ros2_edu/src/install/homework1/lib/python3.10/site-packages/homework1-0.0.0-py3.10.egg-info' (and everything under it)
Copying ../build/homework1/homework1.egg-info to /home/dalitso/ros2_edu/src/install/homework1/lib/python3.10/site-packages/homework1-0.0.0-py3.10.egg-info
running install_scripts
Installing listener script to /home/dalitso/ros2_edu/src/install/homework1/lib/homework1
Installing publisher script to /home/dalitso/ros2_edu/src/install/homework1/lib/homework1
Installing subscriber script to /home/dalitso/ros2_edu/src/install/homework1/lib/homework1
Installing talker script to /home/dalitso/ros2_edu/src/install/homework1/lib/homework1
writing list of installed files to '/home/dalitso/ros2_edu/src/build/homework1/install.log'
