[0.563s] Invoking command in '/home/dalitso/ros2_edu/src/homework1': PYTHONPATH=/home/dalitso/ros2_edu/src/build/homework1/prefix_override:/home/dalitso/ros2_edu/src/install/homework1/lib/python3.10/site-packages:${PYTHONPATH} /usr/bin/python3 -W ignore:setup.py install is deprecated setup.py egg_info --egg-base ../build/homework1 build --build-base /home/dalitso/ros2_edu/src/build/homework1/build install --record /home/dalitso/ros2_edu/src/build/homework1/install.log --single-version-externally-managed install_data
[0.788s] running egg_info
[0.789s] writing ../build/homework1/homework1.egg-info/PKG-INFO
[0.789s] writing dependency_links to ../build/homework1/homework1.egg-info/dependency_links.txt
[0.789s] writing entry points to ../build/homework1/homework1.egg-info/entry_points.txt
[0.789s] writing requirements to ../build/homework1/homework1.egg-info/requires.txt
[0.790s] writing top-level names to ../build/homework1/homework1.egg-info/top_level.txt
[0.792s] reading manifest file '../build/homework1/homework1.egg-info/SOURCES.txt'
[0.793s] writing manifest file '../build/homework1/homework1.egg-info/SOURCES.txt'
[0.793s] running build
[0.793s] running build_py
[0.794s] running install
[0.794s] running install_lib
[0.795s] running install_data
[0.796s] running install_egg_info
[0.798s] removing '/home/dalitso/ros2_edu/src/install/homework1/lib/python3.10/site-packages/homework1-0.0.0-py3.10.egg-info' (and everything under it)
[0.798s] Copying ../build/homework1/homework1.egg-info to /home/dalitso/ros2_edu/src/install/homework1/lib/python3.10/site-packages/homework1-0.0.0-py3.10.egg-info
[0.799s] running install_scripts
[0.819s] Installing listener script to /home/dalitso/ros2_edu/src/install/homework1/lib/homework1
[0.819s] Installing publisher script to /home/dalitso/ros2_edu/src/install/homework1/lib/homework1
[0.819s] Installing subscriber script to /home/dalitso/ros2_edu/src/install/homework1/lib/homework1
[0.820s] Installing talker script to /home/dalitso/ros2_edu/src/install/homework1/lib/homework1
[0.820s] writing list of installed files to '/home/dalitso/ros2_edu/src/build/homework1/install.log'
[0.846s] Invoked command in '/home/dalitso/ros2_edu/src/homework1' returned '0': PYTHONPATH=/home/dalitso/ros2_edu/src/build/homework1/prefix_override:/home/dalitso/ros2_edu/src/install/homework1/lib/python3.10/site-packages:${PYTHONPATH} /usr/bin/python3 -W ignore:setup.py install is deprecated setup.py egg_info --egg-base ../build/homework1 build --build-base /home/dalitso/ros2_edu/src/build/homework1/build install --record /home/dalitso/ros2_edu/src/build/homework1/install.log --single-version-externally-managed install_data
